# JRE version: OpenJDK Runtime Environment Temurin-17.0.7+7 (17.0.7+7) (build 17.0.7+7)
# Java VM: OpenJDK 64-Bit Server VM Temurin-17.0.7+7 (17.0.7+7, mixed mode, tiered, compressed oops, compressed class ptrs, parallel gc, windows-amd64)
GC Precious Log:
 CPUs: 8 total, 8 available
 Memory: 16107M
 Large Page Support: Disabled
 NUMA Support: Disabled
 Compressed Oops: Enabled (32-bit)
 Alignments: Space 512K, Generation 512K, Heap 2M
 Heap Min Capacity: 100M
 Heap Initial Capacity: 100M
 Heap Max Capacity: 1G
 Pre-touch: Disabled
 Parallel Workers: 8
Heap:
 PSYoungGen      total 14336K, used 7141K [0x00000000eab00000, 0x00000000eda80000, 0x0000000100000000)
  eden space 7168K, 0% used [0x00000000eab00000,0x00000000eab00000,0x00000000eb200000)
  from space 7168K, 99% used [0x00000000ec200000,0x00000000ec8f9740,0x00000000ec900000)
  to   space 16384K, 0% used [0x00000000eb200000,0x00000000eb200000,0x00000000ec200000)
 ParOldGen       total 316416K, used 311729K [0x00000000c0000000, 0x00000000d3500000, 0x00000000eab00000)
  object space 316416K, 98% used [0x00000000c0000000,0x00000000d306c420,0x00000000d3500000)
 Metaspace       used 62994K, committed 64000K, reserved 1114112K
  class space    used 6800K, committed 7232K, reserved 1048576K
GC Heap History (20 events):
Event: 18.331 GC heap after
{Heap after GC invocations=146 (full 9):
 PSYoungGen      total 27136K, used 14731K [0x00000000eab00000, 0x00000000ed880000, 0x0000000100000000)
  eden space 12288K, 0% used [0x00000000eab00000,0x00000000eab00000,0x00000000eb700000)
  from space 14848K, 99% used [0x00000000eb700000,0x00000000ec562c70,0x00000000ec580000)
  to   space 16384K, 0% used [0x00000000ec880000,0x00000000ec880000,0x00000000ed880000)
 ParOldGen       total 316416K, used 263597K [0x00000000c0000000, 0x00000000d3500000, 0x00000000eab00000)
  object space 316416K, 83% used [0x00000000c0000000,0x00000000d016b4b8,0x00000000d3500000)
 Metaspace       used 62973K, committed 64000K, reserved 1114112K
  class space    used 6800K, committed 7232K, reserved 1048576K
}
Event: 18.383 GC heap before
{Heap before GC invocations=147 (full 9):
 PSYoungGen      total 27136K, used 27019K [0x00000000eab00000, 0x00000000ed880000, 0x0000000100000000)
  eden space 12288K, 100% used [0x00000000eab00000,0x00000000eb700000,0x00000000eb700000)
  from space 14848K, 99% used [0x00000000eb700000,0x00000000ec562c70,0x00000000ec580000)
  to   space 16384K, 0% used [0x00000000ec880000,0x00000000ec880000,0x00000000ed880000)
 ParOldGen       total 316416K, used 263597K [0x00000000c0000000, 0x00000000d3500000, 0x00000000eab00000)
  object space 316416K, 83% used [0x00000000c0000000,0x00000000d016b4b8,0x00000000d3500000)
 Metaspace       used 62975K, committed 64000K, reserved 1114112K
  class space    used 6800K, committed 7232K, reserved 1048576K
}
Event: 18.390 GC heap after
{Heap after GC invocations=147 (full 9):
 PSYoungGen      total 28160K, used 16376K [0x00000000eab00000, 0x00000000edc80000, 0x0000000100000000)
  eden space 11776K, 0% used [0x00000000eab00000,0x00000000eab00000,0x00000000eb680000)
  from space 16384K, 99% used [0x00000000ec880000,0x00000000ed87e248,0x00000000ed880000)
  to   space 18432K, 0% used [0x00000000eb680000,0x00000000eb680000,0x00000000ec880000)
 ParOldGen       total 316416K, used 264827K [0x00000000c0000000, 0x00000000d3500000, 0x00000000eab00000)
  object space 316416K, 83% used [0x00000000c0000000,0x00000000d029ef38,0x00000000d3500000)
 Metaspace       used 62975K, committed 64000K, reserved 1114112K
  class space    used 6800K, committed 7232K, reserved 1048576K
}
Event: 18.426 GC heap before
{Heap before GC invocations=148 (full 9):
 PSYoungGen      total 28160K, used 28152K [0x00000000eab00000, 0x00000000edc80000, 0x0000000100000000)
  eden space 11776K, 100% used [0x00000000eab00000,0x00000000eb680000,0x00000000eb680000)
  from space 16384K, 99% used [0x00000000ec880000,0x00000000ed87e248,0x00000000ed880000)
  to   space 18432K, 0% used [0x00000000eb680000,0x00000000eb680000,0x00000000ec880000)
 ParOldGen       total 316416K, used 264827K [0x00000000c0000000, 0x00000000d3500000, 0x00000000eab00000)
  object space 316416K, 83% used [0x00000000c0000000,0x00000000d029ef38,0x00000000d3500000)
 Metaspace       used 62975K, committed 64000K, reserved 1114112K
  class space    used 6800K, committed 7232K, reserved 1048576K
}
Event: 18.436 GC heap after
{Heap after GC invocations=148 (full 9):
 PSYoungGen      total 27648K, used 15492K [0x00000000eab00000, 0x00000000ed800000, 0x0000000100000000)
  eden space 11776K, 0% used [0x00000000eab00000,0x00000000eab00000,0x00000000eb680000)
  from space 15872K, 97% used [0x00000000eb680000,0x00000000ec5a1370,0x00000000ec600000)
  to   space 16384K, 0% used [0x00000000ec800000,0x00000000ec800000,0x00000000ed800000)
 ParOldGen       total 316416K, used 269151K [0x00000000c0000000, 0x00000000d3500000, 0x00000000eab00000)
  object space 316416K, 85% used [0x00000000c0000000,0x00000000d06d7fb8,0x00000000d3500000)
 Metaspace       used 62975K, committed 64000K, reserved 1114112K
  class space    used 6800K, committed 7232K, reserved 1048576K
}
Event: 18.467 GC heap before
{Heap before GC invocations=149 (full 9):
 PSYoungGen      total 27648K, used 27268K [0x00000000eab00000, 0x00000000ed800000, 0x0000000100000000)
  eden space 11776K, 100% used [0x00000000eab00000,0x00000000eb680000,0x00000000eb680000)
  from space 15872K, 97% used [0x00000000eb680000,0x00000000ec5a1370,0x00000000ec600000)
  to   space 16384K, 0% used [0x00000000ec800000,0x00000000ec800000,0x00000000ed800000)
 ParOldGen       total 316416K, used 269151K [0x00000000c0000000, 0x00000000d3500000, 0x00000000eab00000)
  object space 316416K, 85% used [0x00000000c0000000,0x00000000d06d7fb8,0x00000000d3500000)
 Metaspace       used 62975K, committed 64000K, reserved 1114112K
  class space    used 6800K, committed 7232K, reserved 1048576K
}
Event: 18.474 GC heap after
{Heap after GC invocations=149 (full 9):
 PSYoungGen      total 26112K, used 16383K [0x00000000eab00000, 0x00000000edf00000, 0x0000000100000000)
  eden space 9728K, 0% used [0x00000000eab00000,0x00000000eab00000,0x00000000eb480000)
  from space 16384K, 99% used [0x00000000ec800000,0x00000000ed7fffe8,0x00000000ed800000)
  to   space 19968K, 0% used [0x00000000eb480000,0x00000000eb480000,0x00000000ec800000)
 ParOldGen       total 316416K, used 271838K [0x00000000c0000000, 0x00000000d3500000, 0x00000000eab00000)
  object space 316416K, 85% used [0x00000000c0000000,0x00000000d0977ad8,0x00000000d3500000)
 Metaspace       used 62975K, committed 64000K, reserved 1114112K
  class space    used 6800K, committed 7232K, reserved 1048576K
}
Event: 18.491 GC heap before
{Heap before GC invocations=150 (full 9):
 PSYoungGen      total 26112K, used 26111K [0x00000000eab00000, 0x00000000edf00000, 0x0000000100000000)
  eden space 9728K, 100% used [0x00000000eab00000,0x00000000eb480000,0x00000000eb480000)
  from space 16384K, 99% used [0x00000000ec800000,0x00000000ed7fffe8,0x00000000ed800000)
  to   space 19968K, 0% used [0x00000000eb480000,0x00000000eb480000,0x00000000ec800000)
 ParOldGen       total 316416K, used 271838K [0x00000000c0000000, 0x00000000d3500000, 0x00000000eab00000)
  object space 316416K, 85% used [0x00000000c0000000,0x00000000d0977ad8,0x00000000d3500000)
 Metaspace       used 62975K, committed 64000K, reserved 1114112K
  class space    used 6800K, committed 7232K, reserved 1048576K
}
Event: 18.499 GC heap after
{Heap after GC invocations=150 (full 9):
 PSYoungGen      total 25600K, used 15449K [0x00000000eab00000, 0x00000000ed700000, 0x0000000100000000)
  eden space 9728K, 0% used [0x00000000eab00000,0x00000000eab00000,0x00000000eb480000)
  from space 15872K, 97% used [0x00000000eb480000,0x00000000ec396410,0x00000000ec400000)
  to   space 16896K, 0% used [0x00000000ec680000,0x00000000ec680000,0x00000000ed700000)
 ParOldGen       total 316416K, used 276424K [0x00000000c0000000, 0x00000000d3500000, 0x00000000eab00000)
  object space 316416K, 87% used [0x00000000c0000000,0x00000000d0df21e8,0x00000000d3500000)
 Metaspace       used 62975K, committed 64000K, reserved 1114112K
  class space    used 6800K, committed 7232K, reserved 1048576K
}
Event: 18.515 GC heap before
{Heap before GC invocations=151 (full 9):
 PSYoungGen      total 25600K, used 25176K [0x00000000eab00000, 0x00000000ed700000, 0x0000000100000000)
  eden space 9728K, 99% used [0x00000000eab00000,0x00000000eb47ff50,0x00000000eb480000)
  from space 15872K, 97% used [0x00000000eb480000,0x00000000ec396410,0x00000000ec400000)
  to   space 16896K, 0% used [0x00000000ec680000,0x00000000ec680000,0x00000000ed700000)
 ParOldGen       total 316416K, used 276424K [0x00000000c0000000, 0x00000000d3500000, 0x00000000eab00000)
  object space 316416K, 87% used [0x00000000c0000000,0x00000000d0df21e8,0x00000000d3500000)
 Metaspace       used 62975K, committed 64000K, reserved 1114112K
  class space    used 6800K, committed 7232K, reserved 1048576K
}
Event: 18.522 GC heap after
{Heap after GC invocations=151 (full 9):
 PSYoungGen      total 25600K, used 13863K [0x00000000eab00000, 0x00000000ed480000, 0x0000000100000000)
  eden space 11264K, 0% used [0x00000000eab00000,0x00000000eab00000,0x00000000eb600000)
  from space 14336K, 96% used [0x00000000ec680000,0x00000000ed409d30,0x00000000ed480000)
  to   space 14848K, 0% used [0x00000000eb780000,0x00000000eb780000,0x00000000ec600000)
 ParOldGen       total 316416K, used 281562K [0x00000000c0000000, 0x00000000d3500000, 0x00000000eab00000)
  object space 316416K, 88% used [0x00000000c0000000,0x00000000d12f6b48,0x00000000d3500000)
 Metaspace       used 62975K, committed 64000K, reserved 1114112K
  class space    used 6800K, committed 7232K, reserved 1048576K
}
Event: 18.536 GC heap before
{Heap before GC invocations=152 (full 9):
 PSYoungGen      total 25600K, used 25127K [0x00000000eab00000, 0x00000000ed480000, 0x0000000100000000)
  eden space 11264K, 100% used [0x00000000eab00000,0x00000000eb600000,0x00000000eb600000)
  from space 14336K, 96% used [0x00000000ec680000,0x00000000ed409d30,0x00000000ed480000)
  to   space 14848K, 0% used [0x00000000eb780000,0x00000000eb780000,0x00000000ec600000)
 ParOldGen       total 316416K, used 281562K [0x00000000c0000000, 0x00000000d3500000, 0x00000000eab00000)
  object space 316416K, 88% used [0x00000000c0000000,0x00000000d12f6b48,0x00000000d3500000)
 Metaspace       used 62975K, committed 64000K, reserved 1114112K
  class space    used 6800K, committed 7232K, reserved 1048576K
}
Event: 18.540 GC heap after
{Heap after GC invocations=152 (full 9):
 PSYoungGen      total 24576K, used 11766K [0x00000000eab00000, 0x00000000ed080000, 0x0000000100000000)
  eden space 12800K, 0% used [0x00000000eab00000,0x00000000eab00000,0x00000000eb780000)
  from space 11776K, 99% used [0x00000000eb780000,0x00000000ec2fdad8,0x00000000ec300000)
  to   space 12800K, 0% used [0x00000000ec400000,0x00000000ec400000,0x00000000ed080000)
 ParOldGen       total 316416K, used 287842K [0x00000000c0000000, 0x00000000d3500000, 0x00000000eab00000)
  object space 316416K, 90% used [0x00000000c0000000,0x00000000d1918940,0x00000000d3500000)
 Metaspace       used 62975K, committed 64000K, reserved 1114112K
  class space    used 6800K, committed 7232K, reserved 1048576K
}
Event: 18.556 GC heap before
{Heap before GC invocations=153 (full 9):
 PSYoungGen      total 24576K, used 24566K [0x00000000eab00000, 0x00000000ed080000, 0x0000000100000000)
  eden space 12800K, 100% used [0x00000000eab00000,0x00000000eb780000,0x00000000eb780000)
  from space 11776K, 99% used [0x00000000eb780000,0x00000000ec2fdad8,0x00000000ec300000)
  to   space 12800K, 0% used [0x00000000ec400000,0x00000000ec400000,0x00000000ed080000)
 ParOldGen       total 316416K, used 287842K [0x00000000c0000000, 0x00000000d3500000, 0x00000000eab00000)
  object space 316416K, 90% used [0x00000000c0000000,0x00000000d1918940,0x00000000d3500000)
 Metaspace       used 62975K, committed 64000K, reserved 1114112K
  class space    used 6800K, committed 7232K, reserved 1048576K
}
Event: 18.562 GC heap after
{Heap after GC invocations=153 (full 9):
 PSYoungGen      total 24576K, used 9614K [0x00000000eab00000, 0x00000000ece00000, 0x0000000100000000)
  eden space 14336K, 0% used [0x00000000eab00000,0x00000000eab00000,0x00000000eb900000)
  from space 10240K, 93% used [0x00000000ec400000,0x00000000ecd638f0,0x00000000ece00000)
  to   space 10752K, 0% used [0x00000000eb900000,0x00000000eb900000,0x00000000ec380000)
 ParOldGen       total 316416K, used 294984K [0x00000000c0000000, 0x00000000d3500000, 0x00000000eab00000)
  object space 316416K, 93% used [0x00000000c0000000,0x00000000d2012358,0x00000000d3500000)
 Metaspace       used 62975K, committed 64000K, reserved 1114112K
  class space    used 6800K, committed 7232K, reserved 1048576K
}
Event: 18.788 GC heap before
{Heap before GC invocations=154 (full 9):
 PSYoungGen      total 24576K, used 23950K [0x00000000eab00000, 0x00000000ece00000, 0x0000000100000000)
  eden space 14336K, 100% used [0x00000000eab00000,0x00000000eb900000,0x00000000eb900000)
  from space 10240K, 93% used [0x00000000ec400000,0x00000000ecd638f0,0x00000000ece00000)
  to   space 10752K, 0% used [0x00000000eb900000,0x00000000eb900000,0x00000000ec380000)
 ParOldGen       total 316416K, used 294984K [0x00000000c0000000, 0x00000000d3500000, 0x00000000eab00000)
  object space 316416K, 93% used [0x00000000c0000000,0x00000000d2012358,0x00000000d3500000)
 Metaspace       used 62993K, committed 64000K, reserved 1114112K
  class space    used 6800K, committed 7232K, reserved 1048576K
}
Event: 18.798 GC heap after
{Heap after GC invocations=154 (full 9):
 PSYoungGen      total 19456K, used 4809K [0x00000000eab00000, 0x00000000ec900000, 0x0000000100000000)
  eden space 14336K, 0% used [0x00000000eab00000,0x00000000eab00000,0x00000000eb900000)
  from space 5120K, 93% used [0x00000000eb900000,0x00000000ebdb25d8,0x00000000ebe00000)
  to   space 7168K, 0% used [0x00000000ec200000,0x00000000ec200000,0x00000000ec900000)
 ParOldGen       total 316416K, used 304510K [0x00000000c0000000, 0x00000000d3500000, 0x00000000eab00000)
  object space 316416K, 96% used [0x00000000c0000000,0x00000000d295fb50,0x00000000d3500000)
 Metaspace       used 62993K, committed 64000K, reserved 1114112K
  class space    used 6800K, committed 7232K, reserved 1048576K
}
Event: 19.176 GC heap before
{Heap before GC invocations=155 (full 9):
 PSYoungGen      total 19456K, used 19145K [0x00000000eab00000, 0x00000000ec900000, 0x0000000100000000)
  eden space 14336K, 100% used [0x00000000eab00000,0x00000000eb900000,0x00000000eb900000)
  from space 5120K, 93% used [0x00000000eb900000,0x00000000ebdb25d8,0x00000000ebe00000)
  to   space 7168K, 0% used [0x00000000ec200000,0x00000000ec200000,0x00000000ec900000)
 ParOldGen       total 316416K, used 304510K [0x00000000c0000000, 0x00000000d3500000, 0x00000000eab00000)
  object space 316416K, 96% used [0x00000000c0000000,0x00000000d295fb50,0x00000000d3500000)
 Metaspace       used 62994K, committed 64000K, reserved 1114112K
  class space    used 6800K, committed 7232K, reserved 1048576K
}
Event: 19.188 GC heap after
{Heap after GC invocations=155 (full 9):
 PSYoungGen      total 14336K, used 7141K [0x00000000eab00000, 0x00000000eda80000, 0x0000000100000000)
  eden space 7168K, 0% used [0x00000000eab00000,0x00000000eab00000,0x00000000eb200000)
  from space 7168K, 99% used [0x00000000ec200000,0x00000000ec8f9740,0x00000000ec900000)
  to   space 16384K, 0% used [0x00000000eb200000,0x00000000eb200000,0x00000000ec200000)
 ParOldGen       total 316416K, used 311729K [0x00000000c0000000, 0x00000000d3500000, 0x00000000eab00000)
  object space 316416K, 98% used [0x00000000c0000000,0x00000000d306c420,0x00000000d3500000)
 Metaspace       used 62994K, committed 64000K, reserved 1114112K
  class space    used 6800K, committed 7232K, reserved 1048576K
}
Event: 19.188 GC heap before
{Heap before GC invocations=156 (full 10):
 PSYoungGen      total 14336K, used 7141K [0x00000000eab00000, 0x00000000eda80000, 0x0000000100000000)
  eden space 7168K, 0% used [0x00000000eab00000,0x00000000eab00000,0x00000000eb200000)
  from space 7168K, 99% used [0x00000000ec200000,0x00000000ec8f9740,0x00000000ec900000)
  to   space 16384K, 0% used [0x00000000eb200000,0x00000000eb200000,0x00000000ec200000)
 ParOldGen       total 316416K, used 311729K [0x00000000c0000000, 0x00000000d3500000, 0x00000000eab00000)
  object space 316416K, 98% used [0x00000000c0000000,0x00000000d306c420,0x00000000d3500000)
 Metaspace       used 62994K, committed 64000K, reserved 1114112K
  class space    used 6800K, committed 7232K, reserved 1048576K
}

