# JRE version: OpenJDK Runtime Environment Temurin-17.0.7+7 (17.0.7+7) (build 17.0.7+7)
# Java VM: OpenJDK 64-Bit Server VM Temurin-17.0.7+7 (17.0.7+7, mixed mode, tiered, compressed oops, compressed class ptrs, parallel gc, windows-amd64)
GC Precious Log:
 CPUs: 8 total, 8 available
 Memory: 16107M
 Large Page Support: Disabled
 NUMA Support: Disabled
 Compressed Oops: Enabled (32-bit)
 Alignments: Space 512K, Generation 512K, Heap 2M
 Heap Min Capacity: 100M
 Heap Initial Capacity: 100M
 Heap Max Capacity: 1G
 Pre-touch: Disabled
 Parallel Workers: 8
Heap:
 PSYoungGen      total 11776K, used 8686K [0x00000000eab00000, 0x00000000eb880000, 0x0000000100000000)
  eden space 10752K, 75% used [0x00000000eab00000,0x00000000eb2ec660,0x00000000eb580000)
  from space 1024K, 56% used [0x00000000eb780000,0x00000000eb810000,0x00000000eb880000)
  to   space 1024K, 0% used [0x00000000eb680000,0x00000000eb680000,0x00000000eb780000)
 ParOldGen       total 107520K, used 77375K [0x00000000c0000000, 0x00000000c6900000, 0x00000000eab00000)
  object space 107520K, 71% used [0x00000000c0000000,0x00000000c4b8fe88,0x00000000c6900000)
 Metaspace       used 77378K, committed 78464K, reserved 1179648K
  class space    used 7911K, committed 8448K, reserved 1048576K
GC Heap History (20 events):
Event: 343.883 GC heap before
{Heap before GC invocations=255 (full 12):
 PSYoungGen      total 15360K, used 14262K [0x00000000eab00000, 0x00000000ebb80000, 0x0000000100000000)
  eden space 13824K, 94% used [0x00000000eab00000,0x00000000eb7c5ae8,0x00000000eb880000)
  from space 1536K, 77% used [0x00000000eba00000,0x00000000ebb28000,0x00000000ebb80000)
  to   space 1536K, 0% used [0x00000000eb880000,0x00000000eb880000,0x00000000eba00000)
 ParOldGen       total 107520K, used 75054K [0x00000000c0000000, 0x00000000c6900000, 0x00000000eab00000)
  object space 107520K, 69% used [0x00000000c0000000,0x00000000c494ba68,0x00000000c6900000)
 Metaspace       used 77231K, committed 78272K, reserved 1179648K
  class space    used 7893K, committed 8384K, reserved 1048576K
}
Event: 343.884 GC heap after
{Heap after GC invocations=255 (full 12):
 PSYoungGen      total 14848K, used 800K [0x00000000eab00000, 0x00000000eba80000, 0x0000000100000000)
  eden space 13824K, 0% used [0x00000000eab00000,0x00000000eab00000,0x00000000eb880000)
  from space 1024K, 78% used [0x00000000eb880000,0x00000000eb948000,0x00000000eb980000)
  to   space 1024K, 0% used [0x00000000eb980000,0x00000000eb980000,0x00000000eba80000)
 ParOldGen       total 107520K, used 75054K [0x00000000c0000000, 0x00000000c6900000, 0x00000000eab00000)
  object space 107520K, 69% used [0x00000000c0000000,0x00000000c494ba68,0x00000000c6900000)
 Metaspace       used 77231K, committed 78272K, reserved 1179648K
  class space    used 7893K, committed 8384K, reserved 1048576K
}
Event: 343.904 GC heap before
{Heap before GC invocations=256 (full 12):
 PSYoungGen      total 14848K, used 13232K [0x00000000eab00000, 0x00000000eba80000, 0x0000000100000000)
  eden space 13824K, 89% used [0x00000000eab00000,0x00000000eb724080,0x00000000eb880000)
  from space 1024K, 78% used [0x00000000eb880000,0x00000000eb948000,0x00000000eb980000)
  to   space 1024K, 0% used [0x00000000eb980000,0x00000000eb980000,0x00000000eba80000)
 ParOldGen       total 107520K, used 75054K [0x00000000c0000000, 0x00000000c6900000, 0x00000000eab00000)
  object space 107520K, 69% used [0x00000000c0000000,0x00000000c494ba68,0x00000000c6900000)
 Metaspace       used 77231K, committed 78272K, reserved 1179648K
  class space    used 7893K, committed 8384K, reserved 1048576K
}
Event: 343.904 GC heap after
{Heap after GC invocations=256 (full 12):
 PSYoungGen      total 14848K, used 576K [0x00000000eab00000, 0x00000000eba80000, 0x0000000100000000)
  eden space 13824K, 0% used [0x00000000eab00000,0x00000000eab00000,0x00000000eb880000)
  from space 1024K, 56% used [0x00000000eb980000,0x00000000eba10000,0x00000000eba80000)
  to   space 1024K, 0% used [0x00000000eb880000,0x00000000eb880000,0x00000000eb980000)
 ParOldGen       total 107520K, used 75086K [0x00000000c0000000, 0x00000000c6900000, 0x00000000eab00000)
  object space 107520K, 69% used [0x00000000c0000000,0x00000000c4953a68,0x00000000c6900000)
 Metaspace       used 77231K, committed 78272K, reserved 1179648K
  class space    used 7893K, committed 8384K, reserved 1048576K
}
Event: 343.923 GC heap before
{Heap before GC invocations=257 (full 12):
 PSYoungGen      total 14848K, used 14400K [0x00000000eab00000, 0x00000000eba80000, 0x0000000100000000)
  eden space 13824K, 100% used [0x00000000eab00000,0x00000000eb880000,0x00000000eb880000)
  from space 1024K, 56% used [0x00000000eb980000,0x00000000eba10000,0x00000000eba80000)
  to   space 1024K, 0% used [0x00000000eb880000,0x00000000eb880000,0x00000000eb980000)
 ParOldGen       total 107520K, used 75086K [0x00000000c0000000, 0x00000000c6900000, 0x00000000eab00000)
  object space 107520K, 69% used [0x00000000c0000000,0x00000000c4953a68,0x00000000c6900000)
 Metaspace       used 77232K, committed 78272K, reserved 1179648K
  class space    used 7893K, committed 8384K, reserved 1048576K
}
Event: 343.923 GC heap after
{Heap after GC invocations=257 (full 12):
 PSYoungGen      total 14848K, used 928K [0x00000000eab00000, 0x00000000eba80000, 0x0000000100000000)
  eden space 13824K, 0% used [0x00000000eab00000,0x00000000eab00000,0x00000000eb880000)
  from space 1024K, 90% used [0x00000000eb880000,0x00000000eb968000,0x00000000eb980000)
  to   space 1024K, 0% used [0x00000000eb980000,0x00000000eb980000,0x00000000eba80000)
 ParOldGen       total 107520K, used 75126K [0x00000000c0000000, 0x00000000c6900000, 0x00000000eab00000)
  object space 107520K, 69% used [0x00000000c0000000,0x00000000c495da78,0x00000000c6900000)
 Metaspace       used 77232K, committed 78272K, reserved 1179648K
  class space    used 7893K, committed 8384K, reserved 1048576K
}
Event: 343.955 GC heap before
{Heap before GC invocations=258 (full 12):
 PSYoungGen      total 14848K, used 14752K [0x00000000eab00000, 0x00000000eba80000, 0x0000000100000000)
  eden space 13824K, 100% used [0x00000000eab00000,0x00000000eb880000,0x00000000eb880000)
  from space 1024K, 90% used [0x00000000eb880000,0x00000000eb968000,0x00000000eb980000)
  to   space 1024K, 0% used [0x00000000eb980000,0x00000000eb980000,0x00000000eba80000)
 ParOldGen       total 107520K, used 75126K [0x00000000c0000000, 0x00000000c6900000, 0x00000000eab00000)
  object space 107520K, 69% used [0x00000000c0000000,0x00000000c495da78,0x00000000c6900000)
 Metaspace       used 77235K, committed 78272K, reserved 1179648K
  class space    used 7893K, committed 8384K, reserved 1048576K
}
Event: 343.956 GC heap after
{Heap after GC invocations=258 (full 12):
 PSYoungGen      total 11776K, used 1022K [0x00000000eab00000, 0x00000000ec080000, 0x0000000100000000)
  eden space 10752K, 0% used [0x00000000eab00000,0x00000000eab00000,0x00000000eb580000)
  from space 1024K, 99% used [0x00000000eb980000,0x00000000eba7f800,0x00000000eba80000)
  to   space 4096K, 0% used [0x00000000eb580000,0x00000000eb580000,0x00000000eb980000)
 ParOldGen       total 107520K, used 77342K [0x00000000c0000000, 0x00000000c6900000, 0x00000000eab00000)
  object space 107520K, 71% used [0x00000000c0000000,0x00000000c4b87a78,0x00000000c6900000)
 Metaspace       used 77235K, committed 78272K, reserved 1179648K
  class space    used 7893K, committed 8384K, reserved 1048576K
}
Event: 345.331 GC heap before
{Heap before GC invocations=259 (full 12):
 PSYoungGen      total 11776K, used 11774K [0x00000000eab00000, 0x00000000ec080000, 0x0000000100000000)
  eden space 10752K, 100% used [0x00000000eab00000,0x00000000eb580000,0x00000000eb580000)
  from space 1024K, 99% used [0x00000000eb980000,0x00000000eba7f800,0x00000000eba80000)
  to   space 4096K, 0% used [0x00000000eb580000,0x00000000eb580000,0x00000000eb980000)
 ParOldGen       total 107520K, used 77342K [0x00000000c0000000, 0x00000000c6900000, 0x00000000eab00000)
  object space 107520K, 71% used [0x00000000c0000000,0x00000000c4b87a78,0x00000000c6900000)
 Metaspace       used 77282K, committed 78400K, reserved 1179648K
  class space    used 7894K, committed 8384K, reserved 1048576K
}
Event: 345.331 GC heap after
{Heap after GC invocations=259 (full 12):
 PSYoungGen      total 11264K, used 352K [0x00000000eab00000, 0x00000000eba00000, 0x0000000100000000)
  eden space 10752K, 0% used [0x00000000eab00000,0x00000000eab00000,0x00000000eb580000)
  from space 512K, 68% used [0x00000000eb580000,0x00000000eb5d8000,0x00000000eb600000)
  to   space 1536K, 0% used [0x00000000eb880000,0x00000000eb880000,0x00000000eba00000)
 ParOldGen       total 107520K, used 77367K [0x00000000c0000000, 0x00000000c6900000, 0x00000000eab00000)
  object space 107520K, 71% used [0x00000000c0000000,0x00000000c4b8de88,0x00000000c6900000)
 Metaspace       used 77282K, committed 78400K, reserved 1179648K
  class space    used 7894K, committed 8384K, reserved 1048576K
}
Event: 345.347 GC heap before
{Heap before GC invocations=260 (full 12):
 PSYoungGen      total 11264K, used 10200K [0x00000000eab00000, 0x00000000eba00000, 0x0000000100000000)
  eden space 10752K, 91% used [0x00000000eab00000,0x00000000eb49e198,0x00000000eb580000)
  from space 512K, 68% used [0x00000000eb580000,0x00000000eb5d8000,0x00000000eb600000)
  to   space 1536K, 0% used [0x00000000eb880000,0x00000000eb880000,0x00000000eba00000)
 ParOldGen       total 107520K, used 77367K [0x00000000c0000000, 0x00000000c6900000, 0x00000000eab00000)
  object space 107520K, 71% used [0x00000000c0000000,0x00000000c4b8de88,0x00000000c6900000)
 Metaspace       used 77282K, committed 78400K, reserved 1179648K
  class space    used 7894K, committed 8384K, reserved 1048576K
}
Event: 345.348 GC heap after
{Heap after GC invocations=260 (full 12):
 PSYoungGen      total 11264K, used 384K [0x00000000eab00000, 0x00000000eb900000, 0x0000000100000000)
  eden space 10752K, 0% used [0x00000000eab00000,0x00000000eab00000,0x00000000eb580000)
  from space 512K, 75% used [0x00000000eb880000,0x00000000eb8e0000,0x00000000eb900000)
  to   space 1024K, 0% used [0x00000000eb700000,0x00000000eb700000,0x00000000eb800000)
 ParOldGen       total 107520K, used 77367K [0x00000000c0000000, 0x00000000c6900000, 0x00000000eab00000)
  object space 107520K, 71% used [0x00000000c0000000,0x00000000c4b8de88,0x00000000c6900000)
 Metaspace       used 77282K, committed 78400K, reserved 1179648K
  class space    used 7894K, committed 8384K, reserved 1048576K
}
Event: 345.360 GC heap before
{Heap before GC invocations=261 (full 12):
 PSYoungGen      total 11264K, used 10979K [0x00000000eab00000, 0x00000000eb900000, 0x0000000100000000)
  eden space 10752K, 98% used [0x00000000eab00000,0x00000000eb558e90,0x00000000eb580000)
  from space 512K, 75% used [0x00000000eb880000,0x00000000eb8e0000,0x00000000eb900000)
  to   space 1024K, 0% used [0x00000000eb700000,0x00000000eb700000,0x00000000eb800000)
 ParOldGen       total 107520K, used 77367K [0x00000000c0000000, 0x00000000c6900000, 0x00000000eab00000)
  object space 107520K, 71% used [0x00000000c0000000,0x00000000c4b8de88,0x00000000c6900000)
 Metaspace       used 77282K, committed 78400K, reserved 1179648K
  class space    used 7894K, committed 8384K, reserved 1048576K
}
Event: 345.361 GC heap after
{Heap after GC invocations=261 (full 12):
 PSYoungGen      total 11776K, used 576K [0x00000000eab00000, 0x00000000eb900000, 0x0000000100000000)
  eden space 10752K, 0% used [0x00000000eab00000,0x00000000eab00000,0x00000000eb580000)
  from space 1024K, 56% used [0x00000000eb700000,0x00000000eb790000,0x00000000eb800000)
  to   space 1024K, 0% used [0x00000000eb800000,0x00000000eb800000,0x00000000eb900000)
 ParOldGen       total 107520K, used 77367K [0x00000000c0000000, 0x00000000c6900000, 0x00000000eab00000)
  object space 107520K, 71% used [0x00000000c0000000,0x00000000c4b8de88,0x00000000c6900000)
 Metaspace       used 77282K, committed 78400K, reserved 1179648K
  class space    used 7894K, committed 8384K, reserved 1048576K
}
Event: 345.374 GC heap before
{Heap before GC invocations=262 (full 12):
 PSYoungGen      total 11776K, used 11328K [0x00000000eab00000, 0x00000000eb900000, 0x0000000100000000)
  eden space 10752K, 100% used [0x00000000eab00000,0x00000000eb580000,0x00000000eb580000)
  from space 1024K, 56% used [0x00000000eb700000,0x00000000eb790000,0x00000000eb800000)
  to   space 1024K, 0% used [0x00000000eb800000,0x00000000eb800000,0x00000000eb900000)
 ParOldGen       total 107520K, used 77367K [0x00000000c0000000, 0x00000000c6900000, 0x00000000eab00000)
  object space 107520K, 71% used [0x00000000c0000000,0x00000000c4b8de88,0x00000000c6900000)
 Metaspace       used 77282K, committed 78400K, reserved 1179648K
  class space    used 7894K, committed 8384K, reserved 1048576K
}
Event: 345.374 GC heap after
{Heap after GC invocations=262 (full 12):
 PSYoungGen      total 11776K, used 736K [0x00000000eab00000, 0x00000000eb900000, 0x0000000100000000)
  eden space 10752K, 0% used [0x00000000eab00000,0x00000000eab00000,0x00000000eb580000)
  from space 1024K, 71% used [0x00000000eb800000,0x00000000eb8b8000,0x00000000eb900000)
  to   space 1024K, 0% used [0x00000000eb700000,0x00000000eb700000,0x00000000eb800000)
 ParOldGen       total 107520K, used 77367K [0x00000000c0000000, 0x00000000c6900000, 0x00000000eab00000)
  object space 107520K, 71% used [0x00000000c0000000,0x00000000c4b8de88,0x00000000c6900000)
 Metaspace       used 77282K, committed 78400K, reserved 1179648K
  class space    used 7894K, committed 8384K, reserved 1048576K
}
Event: 345.402 GC heap before
{Heap before GC invocations=263 (full 12):
 PSYoungGen      total 11776K, used 10009K [0x00000000eab00000, 0x00000000eb900000, 0x0000000100000000)
  eden space 10752K, 86% used [0x00000000eab00000,0x00000000eb40e680,0x00000000eb580000)
  from space 1024K, 71% used [0x00000000eb800000,0x00000000eb8b8000,0x00000000eb900000)
  to   space 1024K, 0% used [0x00000000eb700000,0x00000000eb700000,0x00000000eb800000)
 ParOldGen       total 107520K, used 77367K [0x00000000c0000000, 0x00000000c6900000, 0x00000000eab00000)
  object space 107520K, 71% used [0x00000000c0000000,0x00000000c4b8de88,0x00000000c6900000)
 Metaspace       used 77285K, committed 78400K, reserved 1179648K
  class space    used 7894K, committed 8384K, reserved 1048576K
}
Event: 345.403 GC heap after
{Heap after GC invocations=263 (full 12):
 PSYoungGen      total 11264K, used 416K [0x00000000eab00000, 0x00000000eb880000, 0x0000000100000000)
  eden space 10752K, 0% used [0x00000000eab00000,0x00000000eab00000,0x00000000eb580000)
  from space 512K, 81% used [0x00000000eb700000,0x00000000eb768000,0x00000000eb780000)
  to   space 1024K, 0% used [0x00000000eb780000,0x00000000eb780000,0x00000000eb880000)
 ParOldGen       total 107520K, used 77375K [0x00000000c0000000, 0x00000000c6900000, 0x00000000eab00000)
  object space 107520K, 71% used [0x00000000c0000000,0x00000000c4b8fe88,0x00000000c6900000)
 Metaspace       used 77285K, committed 78400K, reserved 1179648K
  class space    used 7894K, committed 8384K, reserved 1048576K
}
Event: 345.420 GC heap before
{Heap before GC invocations=264 (full 12):
 PSYoungGen      total 11264K, used 11030K [0x00000000eab00000, 0x00000000eb880000, 0x0000000100000000)
  eden space 10752K, 98% used [0x00000000eab00000,0x00000000eb55da00,0x00000000eb580000)
  from space 512K, 81% used [0x00000000eb700000,0x00000000eb768000,0x00000000eb780000)
  to   space 1024K, 0% used [0x00000000eb780000,0x00000000eb780000,0x00000000eb880000)
 ParOldGen       total 107520K, used 77375K [0x00000000c0000000, 0x00000000c6900000, 0x00000000eab00000)
  object space 107520K, 71% used [0x00000000c0000000,0x00000000c4b8fe88,0x00000000c6900000)
 Metaspace       used 77285K, committed 78400K, reserved 1179648K
  class space    used 7894K, committed 8384K, reserved 1048576K
}
Event: 345.421 GC heap after
{Heap after GC invocations=264 (full 12):
 PSYoungGen      total 11776K, used 576K [0x00000000eab00000, 0x00000000eb880000, 0x0000000100000000)
  eden space 10752K, 0% used [0x00000000eab00000,0x00000000eab00000,0x00000000eb580000)
  from space 1024K, 56% used [0x00000000eb780000,0x00000000eb810000,0x00000000eb880000)
  to   space 1024K, 0% used [0x00000000eb680000,0x00000000eb680000,0x00000000eb780000)
 ParOldGen       total 107520K, used 77375K [0x00000000c0000000, 0x00000000c6900000, 0x00000000eab00000)
  object space 107520K, 71% used [0x00000000c0000000,0x00000000c4b8fe88,0x00000000c6900000)
 Metaspace       used 77285K, committed 78400K, reserved 1179648K
  class space    used 7894K, committed 8384K, reserved 1048576K
}

