# JRE version: OpenJDK Runtime Environment Temurin-17.0.7+7 (17.0.7+7) (build 17.0.7+7)
# Java VM: OpenJDK 64-Bit Server VM Temurin-17.0.7+7 (17.0.7+7, mixed mode, tiered, compressed oops, compressed class ptrs, parallel gc, windows-amd64)
GC Precious Log:
 CPUs: 8 total, 8 available
 Memory: 16107M
 Large Page Support: Disabled
 NUMA Support: Disabled
 Compressed Oops: Enabled (32-bit)
 Alignments: Space 512K, Generation 512K, Heap 2M
 Heap Min Capacity: 100M
 Heap Initial Capacity: 100M
 Heap Max Capacity: 1G
 Pre-touch: Disabled
 Parallel Workers: 8
Heap:
 PSYoungGen      total 24064K, used 15868K [0x00000000eab00000, 0x00000000ec580000, 0x0000000100000000)
  eden space 20992K, 62% used [0x00000000eab00000,0x00000000eb7d7be8,0x00000000ebf80000)
  from space 3072K, 88% used [0x00000000ec000000,0x00000000ec2a75b0,0x00000000ec300000)
  to   space 2560K, 0% used [0x00000000ec300000,0x00000000ec300000,0x00000000ec580000)
 ParOldGen       total 68608K, used 20729K [0x00000000c0000000, 0x00000000c4300000, 0x00000000eab00000)
  object space 68608K, 30% used [0x00000000c0000000,0x00000000c143e418,0x00000000c4300000)
 Metaspace       used 38022K, committed 38720K, reserved 1114112K
  class space    used 3873K, committed 4160K, reserved 1048576K
GC Heap History (20 events):
Event: 2.623 GC heap before
{Heap before GC invocations=6 (full 1):
 PSYoungGen      total 29696K, used 25593K [0x00000000eab00000, 0x00000000ecc00000, 0x0000000100000000)
  eden space 25600K, 99% used [0x00000000eab00000,0x00000000ec3fe778,0x00000000ec400000)
  from space 4096K, 0% used [0x00000000ec800000,0x00000000ec800000,0x00000000ecc00000)
  to   space 4096K, 0% used [0x00000000ec400000,0x00000000ec400000,0x00000000ec800000)
 ParOldGen       total 68608K, used 6942K [0x00000000c0000000, 0x00000000c4300000, 0x00000000eab00000)
  object space 68608K, 10% used [0x00000000c0000000,0x00000000c06c7870,0x00000000c4300000)
 Metaspace       used 24645K, committed 25088K, reserved 1114112K
  class space    used 2410K, committed 2560K, reserved 1048576K
}
Event: 2.624 GC heap after
{Heap after GC invocations=6 (full 1):
 PSYoungGen      total 26112K, used 632K [0x00000000eab00000, 0x00000000ec880000, 0x0000000100000000)
  eden space 25088K, 0% used [0x00000000eab00000,0x00000000eab00000,0x00000000ec380000)
  from space 1024K, 61% used [0x00000000ec400000,0x00000000ec49e368,0x00000000ec500000)
  to   space 2560K, 0% used [0x00000000ec600000,0x00000000ec600000,0x00000000ec880000)
 ParOldGen       total 68608K, used 6950K [0x00000000c0000000, 0x00000000c4300000, 0x00000000eab00000)
  object space 68608K, 10% used [0x00000000c0000000,0x00000000c06c9870,0x00000000c4300000)
 Metaspace       used 24645K, committed 25088K, reserved 1114112K
  class space    used 2410K, committed 2560K, reserved 1048576K
}
Event: 2.845 GC heap before
{Heap before GC invocations=7 (full 1):
 PSYoungGen      total 26112K, used 25720K [0x00000000eab00000, 0x00000000ec880000, 0x0000000100000000)
  eden space 25088K, 100% used [0x00000000eab00000,0x00000000ec380000,0x00000000ec380000)
  from space 1024K, 61% used [0x00000000ec400000,0x00000000ec49e368,0x00000000ec500000)
  to   space 2560K, 0% used [0x00000000ec600000,0x00000000ec600000,0x00000000ec880000)
 ParOldGen       total 68608K, used 6950K [0x00000000c0000000, 0x00000000c4300000, 0x00000000eab00000)
  object space 68608K, 10% used [0x00000000c0000000,0x00000000c06c9870,0x00000000c4300000)
 Metaspace       used 27526K, committed 27968K, reserved 1114112K
  class space    used 2649K, committed 2816K, reserved 1048576K
}
Event: 2.846 GC heap after
{Heap after GC invocations=7 (full 1):
 PSYoungGen      total 26112K, used 1225K [0x00000000eab00000, 0x00000000ec780000, 0x0000000100000000)
  eden space 24576K, 0% used [0x00000000eab00000,0x00000000eab00000,0x00000000ec300000)
  from space 1536K, 79% used [0x00000000ec600000,0x00000000ec7325a0,0x00000000ec780000)
  to   space 1536K, 0% used [0x00000000ec480000,0x00000000ec480000,0x00000000ec600000)
 ParOldGen       total 68608K, used 6958K [0x00000000c0000000, 0x00000000c4300000, 0x00000000eab00000)
  object space 68608K, 10% used [0x00000000c0000000,0x00000000c06cb870,0x00000000c4300000)
 Metaspace       used 27526K, committed 27968K, reserved 1114112K
  class space    used 2649K, committed 2816K, reserved 1048576K
}
Event: 3.756 GC heap before
{Heap before GC invocations=8 (full 1):
 PSYoungGen      total 26112K, used 25801K [0x00000000eab00000, 0x00000000ec780000, 0x0000000100000000)
  eden space 24576K, 100% used [0x00000000eab00000,0x00000000ec300000,0x00000000ec300000)
  from space 1536K, 79% used [0x00000000ec600000,0x00000000ec7325a0,0x00000000ec780000)
  to   space 1536K, 0% used [0x00000000ec480000,0x00000000ec480000,0x00000000ec600000)
 ParOldGen       total 68608K, used 6958K [0x00000000c0000000, 0x00000000c4300000, 0x00000000eab00000)
  object space 68608K, 10% used [0x00000000c0000000,0x00000000c06cb870,0x00000000c4300000)
 Metaspace       used 31950K, committed 32512K, reserved 1114112K
  class space    used 3195K, committed 3456K, reserved 1048576K
}
Event: 3.758 GC heap after
{Heap after GC invocations=8 (full 1):
 PSYoungGen      total 25600K, used 1524K [0x00000000eab00000, 0x00000000ec880000, 0x0000000100000000)
  eden space 24064K, 0% used [0x00000000eab00000,0x00000000eab00000,0x00000000ec280000)
  from space 1536K, 99% used [0x00000000ec480000,0x00000000ec5fd1e0,0x00000000ec600000)
  to   space 2560K, 0% used [0x00000000ec600000,0x00000000ec600000,0x00000000ec880000)
 ParOldGen       total 68608K, used 7885K [0x00000000c0000000, 0x00000000c4300000, 0x00000000eab00000)
  object space 68608K, 11% used [0x00000000c0000000,0x00000000c07b3758,0x00000000c4300000)
 Metaspace       used 31950K, committed 32512K, reserved 1114112K
  class space    used 3195K, committed 3456K, reserved 1048576K
}
Event: 4.074 GC heap before
{Heap before GC invocations=9 (full 1):
 PSYoungGen      total 25600K, used 25023K [0x00000000eab00000, 0x00000000ec880000, 0x0000000100000000)
  eden space 24064K, 97% used [0x00000000eab00000,0x00000000ec1f2a70,0x00000000ec280000)
  from space 1536K, 99% used [0x00000000ec480000,0x00000000ec5fd1e0,0x00000000ec600000)
  to   space 2560K, 0% used [0x00000000ec600000,0x00000000ec600000,0x00000000ec880000)
 ParOldGen       total 68608K, used 7885K [0x00000000c0000000, 0x00000000c4300000, 0x00000000eab00000)
  object space 68608K, 11% used [0x00000000c0000000,0x00000000c07b3758,0x00000000c4300000)
 Metaspace       used 35178K, committed 35840K, reserved 1114112K
  class space    used 3555K, committed 3840K, reserved 1048576K
}
Event: 4.076 GC heap after
{Heap after GC invocations=9 (full 1):
 PSYoungGen      total 26624K, used 2550K [0x00000000eab00000, 0x00000000ec980000, 0x0000000100000000)
  eden space 24064K, 0% used [0x00000000eab00000,0x00000000eab00000,0x00000000ec280000)
  from space 2560K, 99% used [0x00000000ec600000,0x00000000ec87dbc8,0x00000000ec880000)
  to   space 3584K, 0% used [0x00000000ec280000,0x00000000ec280000,0x00000000ec600000)
 ParOldGen       total 68608K, used 8570K [0x00000000c0000000, 0x00000000c4300000, 0x00000000eab00000)
  object space 68608K, 12% used [0x00000000c0000000,0x00000000c085eac0,0x00000000c4300000)
 Metaspace       used 35178K, committed 35840K, reserved 1114112K
  class space    used 3555K, committed 3840K, reserved 1048576K
}
Event: 4.076 GC heap before
{Heap before GC invocations=10 (full 2):
 PSYoungGen      total 26624K, used 2550K [0x00000000eab00000, 0x00000000ec980000, 0x0000000100000000)
  eden space 24064K, 0% used [0x00000000eab00000,0x00000000eab00000,0x00000000ec280000)
  from space 2560K, 99% used [0x00000000ec600000,0x00000000ec87dbc8,0x00000000ec880000)
  to   space 3584K, 0% used [0x00000000ec280000,0x00000000ec280000,0x00000000ec600000)
 ParOldGen       total 68608K, used 8570K [0x00000000c0000000, 0x00000000c4300000, 0x00000000eab00000)
  object space 68608K, 12% used [0x00000000c0000000,0x00000000c085eac0,0x00000000c4300000)
 Metaspace       used 35178K, committed 35840K, reserved 1114112K
  class space    used 3555K, committed 3840K, reserved 1048576K
}
Event: 4.093 GC heap after
{Heap after GC invocations=10 (full 2):
 PSYoungGen      total 26624K, used 0K [0x00000000eab00000, 0x00000000ec980000, 0x0000000100000000)
  eden space 24064K, 0% used [0x00000000eab00000,0x00000000eab00000,0x00000000ec280000)
  from space 2560K, 0% used [0x00000000ec600000,0x00000000ec600000,0x00000000ec880000)
  to   space 3584K, 0% used [0x00000000ec280000,0x00000000ec280000,0x00000000ec600000)
 ParOldGen       total 68608K, used 10962K [0x00000000c0000000, 0x00000000c4300000, 0x00000000eab00000)
  object space 68608K, 15% used [0x00000000c0000000,0x00000000c0ab49f8,0x00000000c4300000)
 Metaspace       used 35178K, committed 35840K, reserved 1114112K
  class space    used 3555K, committed 3840K, reserved 1048576K
}
Event: 4.189 GC heap before
{Heap before GC invocations=11 (full 2):
 PSYoungGen      total 26624K, used 24064K [0x00000000eab00000, 0x00000000ec980000, 0x0000000100000000)
  eden space 24064K, 100% used [0x00000000eab00000,0x00000000ec280000,0x00000000ec280000)
  from space 2560K, 0% used [0x00000000ec600000,0x00000000ec600000,0x00000000ec880000)
  to   space 3584K, 0% used [0x00000000ec280000,0x00000000ec280000,0x00000000ec600000)
 ParOldGen       total 68608K, used 10962K [0x00000000c0000000, 0x00000000c4300000, 0x00000000eab00000)
  object space 68608K, 15% used [0x00000000c0000000,0x00000000c0ab49f8,0x00000000c4300000)
 Metaspace       used 35405K, committed 36096K, reserved 1114112K
  class space    used 3587K, committed 3904K, reserved 1048576K
}
Event: 4.191 GC heap after
{Heap after GC invocations=11 (full 2):
 PSYoungGen      total 26112K, used 2400K [0x00000000eab00000, 0x00000000ec800000, 0x0000000100000000)
  eden space 23552K, 0% used [0x00000000eab00000,0x00000000eab00000,0x00000000ec200000)
  from space 2560K, 93% used [0x00000000ec280000,0x00000000ec4d8010,0x00000000ec500000)
  to   space 3072K, 0% used [0x00000000ec500000,0x00000000ec500000,0x00000000ec800000)
 ParOldGen       total 68608K, used 10962K [0x00000000c0000000, 0x00000000c4300000, 0x00000000eab00000)
  object space 68608K, 15% used [0x00000000c0000000,0x00000000c0ab49f8,0x00000000c4300000)
 Metaspace       used 35405K, committed 36096K, reserved 1114112K
  class space    used 3587K, committed 3904K, reserved 1048576K
}
Event: 4.274 GC heap before
{Heap before GC invocations=12 (full 2):
 PSYoungGen      total 26112K, used 25952K [0x00000000eab00000, 0x00000000ec800000, 0x0000000100000000)
  eden space 23552K, 100% used [0x00000000eab00000,0x00000000ec200000,0x00000000ec200000)
  from space 2560K, 93% used [0x00000000ec280000,0x00000000ec4d8010,0x00000000ec500000)
  to   space 3072K, 0% used [0x00000000ec500000,0x00000000ec500000,0x00000000ec800000)
 ParOldGen       total 68608K, used 10962K [0x00000000c0000000, 0x00000000c4300000, 0x00000000eab00000)
  object space 68608K, 15% used [0x00000000c0000000,0x00000000c0ab49f8,0x00000000c4300000)
 Metaspace       used 35478K, committed 36224K, reserved 1114112K
  class space    used 3600K, committed 3904K, reserved 1048576K
}
Event: 4.277 GC heap after
{Heap after GC invocations=12 (full 2):
 PSYoungGen      total 24064K, used 3040K [0x00000000eab00000, 0x00000000ecc80000, 0x0000000100000000)
  eden space 20992K, 0% used [0x00000000eab00000,0x00000000eab00000,0x00000000ebf80000)
  from space 3072K, 98% used [0x00000000ec500000,0x00000000ec7f8020,0x00000000ec800000)
  to   space 5632K, 0% used [0x00000000ebf80000,0x00000000ebf80000,0x00000000ec500000)
 ParOldGen       total 68608K, used 12919K [0x00000000c0000000, 0x00000000c4300000, 0x00000000eab00000)
  object space 68608K, 18% used [0x00000000c0000000,0x00000000c0c9dd50,0x00000000c4300000)
 Metaspace       used 35478K, committed 36224K, reserved 1114112K
  class space    used 3600K, committed 3904K, reserved 1048576K
}
Event: 4.315 GC heap before
{Heap before GC invocations=13 (full 2):
 PSYoungGen      total 24064K, used 24032K [0x00000000eab00000, 0x00000000ecc80000, 0x0000000100000000)
  eden space 20992K, 100% used [0x00000000eab00000,0x00000000ebf80000,0x00000000ebf80000)
  from space 3072K, 98% used [0x00000000ec500000,0x00000000ec7f8020,0x00000000ec800000)
  to   space 5632K, 0% used [0x00000000ebf80000,0x00000000ebf80000,0x00000000ec500000)
 ParOldGen       total 68608K, used 12919K [0x00000000c0000000, 0x00000000c4300000, 0x00000000eab00000)
  object space 68608K, 18% used [0x00000000c0000000,0x00000000c0c9dd50,0x00000000c4300000)
 Metaspace       used 35478K, committed 36224K, reserved 1114112K
  class space    used 3600K, committed 3904K, reserved 1048576K
}
Event: 4.319 GC heap after
{Heap after GC invocations=13 (full 2):
 PSYoungGen      total 23552K, used 2336K [0x00000000eab00000, 0x00000000ec680000, 0x0000000100000000)
  eden space 20992K, 0% used [0x00000000eab00000,0x00000000eab00000,0x00000000ebf80000)
  from space 2560K, 91% used [0x00000000ebf80000,0x00000000ec1c8000,0x00000000ec200000)
  to   space 3584K, 0% used [0x00000000ec300000,0x00000000ec300000,0x00000000ec680000)
 ParOldGen       total 68608K, used 15969K [0x00000000c0000000, 0x00000000c4300000, 0x00000000eab00000)
  object space 68608K, 23% used [0x00000000c0000000,0x00000000c0f98408,0x00000000c4300000)
 Metaspace       used 35478K, committed 36224K, reserved 1114112K
  class space    used 3600K, committed 3904K, reserved 1048576K
}
Event: 4.362 GC heap before
{Heap before GC invocations=14 (full 2):
 PSYoungGen      total 23552K, used 23328K [0x00000000eab00000, 0x00000000ec680000, 0x0000000100000000)
  eden space 20992K, 100% used [0x00000000eab00000,0x00000000ebf80000,0x00000000ebf80000)
  from space 2560K, 91% used [0x00000000ebf80000,0x00000000ec1c8000,0x00000000ec200000)
  to   space 3584K, 0% used [0x00000000ec300000,0x00000000ec300000,0x00000000ec680000)
 ParOldGen       total 68608K, used 15969K [0x00000000c0000000, 0x00000000c4300000, 0x00000000eab00000)
  object space 68608K, 23% used [0x00000000c0000000,0x00000000c0f98408,0x00000000c4300000)
 Metaspace       used 35478K, committed 36224K, reserved 1114112K
  class space    used 3600K, committed 3904K, reserved 1048576K
}
Event: 4.365 GC heap after
{Heap after GC invocations=14 (full 2):
 PSYoungGen      total 24064K, used 2592K [0x00000000eab00000, 0x00000000ec600000, 0x0000000100000000)
  eden space 20992K, 0% used [0x00000000eab00000,0x00000000eab00000,0x00000000ebf80000)
  from space 3072K, 84% used [0x00000000ec300000,0x00000000ec588010,0x00000000ec600000)
  to   space 3072K, 0% used [0x00000000ec000000,0x00000000ec000000,0x00000000ec300000)
 ParOldGen       total 68608K, used 18193K [0x00000000c0000000, 0x00000000c4300000, 0x00000000eab00000)
  object space 68608K, 26% used [0x00000000c0000000,0x00000000c11c4408,0x00000000c4300000)
 Metaspace       used 35478K, committed 36224K, reserved 1114112K
  class space    used 3600K, committed 3904K, reserved 1048576K
}
Event: 4.538 GC heap before
{Heap before GC invocations=15 (full 2):
 PSYoungGen      total 24064K, used 23538K [0x00000000eab00000, 0x00000000ec600000, 0x0000000100000000)
  eden space 20992K, 99% used [0x00000000eab00000,0x00000000ebf74bc0,0x00000000ebf80000)
  from space 3072K, 84% used [0x00000000ec300000,0x00000000ec588010,0x00000000ec600000)
  to   space 3072K, 0% used [0x00000000ec000000,0x00000000ec000000,0x00000000ec300000)
 ParOldGen       total 68608K, used 18193K [0x00000000c0000000, 0x00000000c4300000, 0x00000000eab00000)
  object space 68608K, 26% used [0x00000000c0000000,0x00000000c11c4408,0x00000000c4300000)
 Metaspace       used 36283K, committed 36928K, reserved 1114112K
  class space    used 3678K, committed 3968K, reserved 1048576K
}
Event: 4.542 GC heap after
{Heap after GC invocations=15 (full 2):
 PSYoungGen      total 24064K, used 2717K [0x00000000eab00000, 0x00000000ec580000, 0x0000000100000000)
  eden space 20992K, 0% used [0x00000000eab00000,0x00000000eab00000,0x00000000ebf80000)
  from space 3072K, 88% used [0x00000000ec000000,0x00000000ec2a75b0,0x00000000ec300000)
  to   space 2560K, 0% used [0x00000000ec300000,0x00000000ec300000,0x00000000ec580000)
 ParOldGen       total 68608K, used 20729K [0x00000000c0000000, 0x00000000c4300000, 0x00000000eab00000)
  object space 68608K, 30% used [0x00000000c0000000,0x00000000c143e418,0x00000000c4300000)
 Metaspace       used 36283K, committed 36928K, reserved 1114112K
  class space    used 3678K, committed 3968K, reserved 1048576K
}

